<?xml version="1.0"?><coverage lines-covered="256" lines-valid="515" line-rate="0.4970873786407767" branches-covered="0" branches-valid="0" branch-rate="0" complexity="0" version="1.9" timestamp="1755204151"><sources><source>/home/shift/code/garnix-report/garnix-fetcher</source></sources><packages><package name="src" line-rate="0.4970873786407767" branch-rate="0" complexity="0"><classes><class name="cli" filename="src/cli.rs" line-rate="0.29896907216494845" branch-rate="0" complexity="0"><methods/><lines><line number="90" hits="0"/><line number="91" hits="0"/><line number="95" hits="0"/><line number="97" hits="0"/><line number="98" hits="0"/><line number="100" hits="0"/><line number="103" hits="0"/><line number="105" hits="0"/><line number="107" hits="0"/><line number="109" hits="0"/><line number="110" hits="0"/><line number="114" hits="0"/><line number="116" hits="0"/><line number="117" hits="0"/><line number="119" hits="0"/><line number="121" hits="0"/><line number="122" hits="0"/><line number="123" hits="0"/><line number="124" hits="0"/><line number="125" hits="0"/><line number="126" hits="0"/><line number="129" hits="0"/><line number="130" hits="0"/><line number="131" hits="0"/><line number="133" hits="0"/><line number="134" hits="0"/><line number="136" hits="0"/><line number="142" hits="0"/><line number="143" hits="0"/><line number="144" hits="0"/><line number="147" hits="0"/><line number="148" hits="0"/><line number="150" hits="0"/><line number="159" hits="0"/><line number="165" hits="0"/><line number="167" hits="0"/><line number="169" hits="0"/><line number="171" hits="0"/><line number="174" hits="0"/><line number="177" hits="0"/><line number="181" hits="0"/><line number="185" hits="0"/><line number="186" hits="0"/><line number="188" hits="0"/><line number="190" hits="0"/><line number="192" hits="0"/><line number="195" hits="0"/><line number="198" hits="0"/><line number="200" hits="0"/><line number="201" hits="0"/><line number="203" hits="0"/><line number="206" hits="0"/><line number="209" hits="0"/><line number="215" hits="0"/><line number="221" hits="0"/><line number="223" hits="0"/><line number="225" hits="0"/><line number="227" hits="0"/><line number="230" hits="0"/><line number="231" hits="0"/><line number="233" hits="0"/><line number="237" hits="0"/><line number="239" hits="0"/><line number="240" hits="0"/><line number="246" hits="0"/><line number="250" hits="1"/><line number="253" hits="1"/><line number="256" hits="1"/><line number="257" hits="1"/><line number="258" hits="2"/><line number="259" hits="2"/><line number="265" hits="1"/><line number="266" hits="1"/><line number="272" hits="1"/><line number="273" hits="2"/><line number="274" hits="1"/><line number="275" hits="0"/><line number="276" hits="0"/><line number="278" hits="0"/><line number="280" hits="1"/><line number="284" hits="1"/><line number="285" hits="1"/><line number="286" hits="1"/><line number="290" hits="1"/><line number="291" hits="1"/><line number="292" hits="1"/><line number="294" hits="1"/><line number="295" hits="1"/><line number="296" hits="1"/><line number="297" hits="1"/><line number="298" hits="1"/><line number="299" hits="1"/><line number="301" hits="1"/><line number="302" hits="1"/><line number="303" hits="2"/><line number="304" hits="2"/><line number="313" hits="1"/></lines></class><class name="client" filename="src/client.rs" line-rate="0.6344086021505376" branch-rate="0" complexity="0"><methods/><lines><line number="15" hits="0"/><line number="16" hits="0"/><line number="22" hits="1"/><line number="24" hits="1"/><line number="25" hits="1"/><line number="30" hits="4"/><line number="32" hits="5"/><line number="33" hits="2"/><line number="38" hits="1"/><line number="41" hits="1"/><line number="46" hits="1"/><line number="49" hits="1"/><line number="64" hits="1"/><line number="69" hits="5"/><line number="71" hits="6"/><line number="73" hits="7"/><line number="75" hits="5"/><line number="76" hits="4"/><line number="78" hits="6"/><line number="79" hits="1"/><line number="80" hits="0"/><line number="81" hits="0"/><line number="84" hits="3"/><line number="85" hits="3"/><line number="87" hits="1"/><line number="89" hits="2"/><line number="90" hits="0"/><line number="91" hits="0"/><line number="94" hits="3"/><line number="95" hits="1"/><line number="97" hits="0"/><line number="98" hits="3"/><line number="99" hits="1"/><line number="100" hits="1"/><line number="104" hits="3"/><line number="105" hits="2"/><line number="111" hits="0"/><line number="112" hits="0"/><line number="115" hits="0"/><line number="116" hits="0"/><line number="117" hits="0"/><line number="136" hits="1"/><line number="141" hits="3"/><line number="143" hits="2"/><line number="145" hits="5"/><line number="147" hits="2"/><line number="148" hits="2"/><line number="150" hits="4"/><line number="151" hits="1"/><line number="152" hits="0"/><line number="153" hits="0"/><line number="156" hits="2"/><line number="157" hits="2"/><line number="159" hits="1"/><line number="161" hits="2"/><line number="162" hits="0"/><line number="163" hits="0"/><line number="166" hits="3"/><line number="171" hits="1"/><line number="174" hits="0"/><line number="175" hits="0"/><line number="176" hits="0"/><line number="180" hits="0"/><line number="181" hits="0"/><line number="187" hits="0"/><line number="188" hits="0"/><line number="191" hits="0"/><line number="192" hits="0"/><line number="193" hits="0"/><line number="195" hits="0"/><line number="208" hits="4"/><line number="209" hits="3"/><line number="211" hits="2"/><line number="213" hits="5"/><line number="215" hits="2"/><line number="216" hits="2"/><line number="218" hits="6"/><line number="219" hits="2"/><line number="220" hits="0"/><line number="221" hits="0"/><line number="224" hits="2"/><line number="226" hits="3"/><line number="227" hits="1"/><line number="230" hits="3"/><line number="231" hits="1"/><line number="232" hits="1"/><line number="235" hits="0"/><line number="236" hits="0"/><line number="237" hits="0"/><line number="238" hits="0"/><line number="240" hits="0"/><line number="247" hits="1"/><line number="248" hits="1"/></lines></class><class name="error" filename="src/error.rs" line-rate="0.4647887323943662" branch-rate="0" complexity="0"><methods/><lines><line number="28" hits="0"/><line number="29" hits="1"/><line number="30" hits="1"/><line number="31" hits="1"/><line number="32" hits="1"/><line number="33" hits="1"/><line number="34" hits="0"/><line number="35" hits="0"/><line number="36" hits="0"/><line number="37" hits="0"/><line number="38" hits="0"/><line number="39" hits="0"/><line number="44" hits="0"/><line number="46" hits="0"/><line number="47" hits="0"/><line number="48" hits="0"/><line number="52" hits="0"/><line number="53" hits="0"/><line number="54" hits="0"/><line number="59" hits="0"/><line number="60" hits="0"/><line number="64" hits="0"/><line number="65" hits="1"/><line number="66" hits="2"/><line number="70" hits="0"/><line number="72" hits="1"/><line number="73" hits="1"/><line number="77" hits="1"/><line number="78" hits="1"/><line number="82" hits="1"/><line number="83" hits="1"/><line number="87" hits="0"/><line number="88" hits="0"/><line number="92" hits="0"/><line number="93" hits="0"/><line number="97" hits="0"/><line number="98" hits="0"/><line number="102" hits="0"/><line number="103" hits="0"/><line number="107" hits="0"/><line number="108" hits="0"/><line number="112" hits="0"/><line number="113" hits="0"/><line number="117" hits="1"/><line number="118" hits="1"/><line number="119" hits="1"/><line number="120" hits="1"/><line number="121" hits="1"/><line number="123" hits="1"/><line number="125" hits="1"/><line number="130" hits="1"/><line number="131" hits="1"/><line number="132" hits="1"/><line number="133" hits="1"/><line number="134" hits="0"/><line number="135" hits="0"/><line number="136" hits="1"/><line number="138" hits="1"/><line number="140" hits="1"/><line number="145" hits="1"/><line number="146" hits="1"/><line number="147" hits="1"/><line number="148" hits="1"/><line number="149" hits="1"/><line number="150" hits="1"/><line number="151" hits="0"/><line number="152" hits="0"/><line number="153" hits="0"/><line number="154" hits="0"/><line number="155" hits="0"/><line number="161" hits="0"/></lines></class><class name="lib" filename="src/lib.rs" line-rate="0.6176470588235294" branch-rate="0" complexity="0"><methods/><lines><line number="71" hits="0"/><line number="72" hits="0"/><line number="73" hits="0"/><line number="111" hits="5"/><line number="112" hits="7"/><line number="122" hits="1"/><line number="123" hits="0"/><line number="124" hits="0"/><line number="125" hits="0"/><line number="126" hits="0"/><line number="127" hits="0"/><line number="128" hits="0"/><line number="129" hits="0"/><line number="130" hits="0"/><line number="175" hits="1"/><line number="176" hits="1"/><line number="177" hits="1"/><line number="180" hits="1"/><line number="182" hits="2"/><line number="183" hits="3"/><line number="184" hits="2"/><line number="185" hits="0"/><line number="186" hits="0"/><line number="187" hits="1"/><line number="190" hits="6"/><line number="191" hits="2"/><line number="194" hits="5"/><line number="195" hits="8"/><line number="196" hits="2"/><line number="197" hits="4"/><line number="200" hits="3"/><line number="201" hits="3"/><line number="202" hits="9"/><line number="207" hits="7"/></lines></class><class name="main" filename="src/main.rs" line-rate="0" branch-rate="0" complexity="0"><methods/><lines><line number="10" hits="0"/><line number="11" hits="0"/><line number="13" hits="0"/><line number="14" hits="0"/><line number="15" hits="0"/></lines></class><class name="mcp" filename="src/mcp.rs" line-rate="0.3333333333333333" branch-rate="0" complexity="0"><methods/><lines><line number="15" hits="0"/><line number="16" hits="0"/><line number="22" hits="1"/><line number="24" hits="1"/><line number="29" hits="1"/><line number="34" hits="0"/><line number="35" hits="0"/><line number="36" hits="0"/><line number="37" hits="0"/></lines></class><class name="server" filename="src/server.rs" line-rate="0.45" branch-rate="0" complexity="0"><methods/><lines><line number="23" hits="0"/><line number="24" hits="0"/><line number="30" hits="1"/><line number="32" hits="1"/><line number="33" hits="1"/><line number="39" hits="2"/><line number="41" hits="3"/><line number="42" hits="4"/><line number="48" hits="2"/><line number="49" hits="5"/><line number="50" hits="1"/><line number="54" hits="1"/><line number="55" hits="3"/><line number="56" hits="4"/><line number="60" hits="3"/><line number="61" hits="0"/><line number="62" hits="2"/><line number="64" hits="4"/><line number="66" hits="3"/><line number="67" hits="2"/><line number="68" hits="0"/><line number="69" hits="2"/><line number="70" hits="3"/><line number="71" hits="3"/><line number="72" hits="0"/><line number="73" hits="0"/><line number="74" hits="3"/><line number="75" hits="2"/><line number="76" hits="3"/><line number="79" hits="0"/><line number="80" hits="0"/><line number="82" hits="3"/><line number="83" hits="0"/><line number="85" hits="0"/><line number="86" hits="0"/><line number="91" hits="3"/><line number="92" hits="3"/><line number="93" hits="4"/><line number="94" hits="1"/><line number="95" hits="1"/><line number="96" hits="1"/><line number="97" hits="5"/><line number="102" hits="2"/><line number="106" hits="3"/><line number="109" hits="2"/><line number="110" hits="3"/><line number="111" hits="3"/><line number="112" hits="0"/><line number="117" hits="3"/><line number="118" hits="3"/><line number="119" hits="3"/><line number="121" hits="0"/><line number="126" hits="4"/><line number="127" hits="3"/><line number="128" hits="3"/><line number="134" hits="0"/><line number="135" hits="0"/><line number="136" hits="0"/><line number="138" hits="0"/><line number="139" hits="0"/><line number="143" hits="3"/><line number="145" hits="2"/><line number="146" hits="3"/><line number="147" hits="0"/><line number="148" hits="0"/><line number="152" hits="4"/><line number="153" hits="1"/><line number="154" hits="0"/><line number="155" hits="4"/><line number="156" hits="0"/><line number="159" hits="0"/><line number="160" hits="1"/><line number="161" hits="0"/><line number="166" hits="0"/><line number="167" hits="0"/><line number="168" hits="0"/><line number="171" hits="0"/><line number="174" hits="0"/><line number="175" hits="0"/><line number="176" hits="0"/><line number="177" hits="0"/><line number="185" hits="1"/><line number="190" hits="1"/><line number="191" hits="3"/><line number="194" hits="2"/><line number="195" hits="0"/><line number="196" hits="0"/><line number="197" hits="3"/><line number="198" hits="3"/><line number="206" hits="0"/><line number="207" hits="0"/><line number="208" hits="0"/><line number="209" hits="0"/><line number="210" hits="0"/><line number="216" hits="5"/><line number="220" hits="0"/><line number="224" hits="3"/><line number="225" hits="2"/><line number="226" hits="0"/><line number="227" hits="0"/><line number="228" hits="0"/><line number="229" hits="0"/><line number="232" hits="0"/><line number="233" hits="0"/><line number="234" hits="12"/><line number="235" hits="7"/><line number="236" hits="3"/><line number="237" hits="3"/><line number="238" hits="3"/><line number="239" hits="0"/><line number="240" hits="2"/><line number="241" hits="5"/><line number="243" hits="0"/><line number="245" hits="0"/><line number="248" hits="0"/><line number="249" hits="0"/><line number="251" hits="0"/><line number="252" hits="0"/><line number="253" hits="0"/><line number="254" hits="0"/><line number="256" hits="0"/><line number="259" hits="0"/><line number="260" hits="0"/><line number="261" hits="0"/><line number="262" hits="0"/><line number="263" hits="0"/><line number="265" hits="0"/><line number="267" hits="0"/><line number="270" hits="0"/><line number="271" hits="0"/><line number="272" hits="0"/><line number="273" hits="0"/><line number="274" hits="0"/><line number="275" hits="0"/><line number="276" hits="0"/><line number="278" hits="0"/><line number="281" hits="0"/><line number="282" hits="0"/><line number="283" hits="0"/><line number="287" hits="0"/><line number="289" hits="0"/><line number="290" hits="0"/><line number="291" hits="0"/><line number="292" hits="0"/><line number="293" hits="0"/><line number="294" hits="0"/><line number="296" hits="1"/><line number="297" hits="0"/><line number="299" hits="1"/><line number="301" hits="2"/><line number="302" hits="1"/><line number="303" hits="1"/><line number="307" hits="3"/><line number="308" hits="3"/><line number="309" hits="0"/><line number="310" hits="0"/><line number="311" hits="0"/><line number="312" hits="0"/><line number="313" hits="0"/><line number="315" hits="0"/></lines></class><class name="types" filename="src/types.rs" line-rate="0.8478260869565217" branch-rate="0" complexity="0"><methods/><lines><line number="139" hits="1"/><line number="140" hits="0"/><line number="141" hits="2"/><line number="142" hits="2"/><line number="143" hits="2"/><line number="144" hits="2"/><line number="145" hits="1"/><line number="151" hits="1"/><line number="152" hits="1"/><line number="153" hits="1"/><line number="154" hits="1"/><line number="155" hits="0"/><line number="156" hits="0"/><line number="157" hits="1"/><line number="162" hits="0"/><line number="164" hits="1"/><line number="165" hits="1"/><line number="169" hits="1"/><line number="170" hits="1"/><line number="174" hits="1"/><line number="175" hits="1"/><line number="179" hits="1"/><line number="180" hits="1"/><line number="184" hits="1"/><line number="185" hits="1"/><line number="186" hits="1"/><line number="187" hits="1"/><line number="188" hits="0"/><line number="189" hits="0"/><line number="190" hits="0"/><line number="192" hits="1"/><line number="198" hits="1"/><line number="199" hits="1"/><line number="201" hits="3"/><line number="206" hits="1"/><line number="207" hits="1"/><line number="209" hits="3"/><line number="214" hits="1"/><line number="215" hits="1"/><line number="217" hits="3"/><line number="222" hits="1"/><line number="223" hits="1"/><line number="224" hits="1"/><line number="226" hits="1"/><line number="230" hits="1"/><line number="231" hits="1"/></lines></class></classes></package></packages></coverage>